2020/07/14 12:09:32 [INFO] Terraform version: 0.12.21  
2020/07/14 12:09:32 [INFO] Go runtime version: go1.12.13
2020/07/14 12:09:32 [INFO] CLI args: []string{"/Users/nirav.katarmal/go/bin/terraform", "apply"}
2020/07/14 12:09:32 [DEBUG] Attempting to open CLI config file: /Users/nirav.katarmal/.terraformrc
2020/07/14 12:09:32 [DEBUG] File doesn't exist, but doesn't need to. Ignoring.
2020/07/14 12:09:32 [INFO] CLI command args: []string{"apply"}
2020/07/14 12:09:32 [TRACE] Meta.Backend: no config given or present on disk, so returning nil config
2020/07/14 12:09:32 [TRACE] Meta.Backend: backend has not previously been initialized in this working directory
2020/07/14 12:09:32 [DEBUG] New state was assigned lineage "ebe4b1d5-d14e-41f0-ea6d-05fc8946e800"
2020/07/14 12:09:32 [TRACE] Meta.Backend: using default local state only (no backend configuration, and no existing initialized backend)
2020/07/14 12:09:32 [TRACE] Meta.Backend: instantiated backend of type <nil>
2020/07/14 12:09:32 [DEBUG] checking for provider in "."
2020/07/14 12:09:32 [DEBUG] checking for provider in "/Users/nirav.katarmal/go/bin"
2020/07/14 12:09:32 [WARN] found legacy provider "terraform-provider-aci"
2020/07/14 12:09:32 [WARN] found legacy provider "terraform-provider-acme"
2020/07/14 12:09:32 [WARN] found legacy provider "terraform-provider-aws"
2020/07/14 12:09:32 [WARN] found legacy provider "terraform-provider-constellix"
2020/07/14 12:09:32 [WARN] found legacy provider "terraform-provider-dme"
2020/07/14 12:09:32 [WARN] found legacy provider "terraform-provider-mso"
2020/07/14 12:09:32 [DEBUG] checking for provider in ".terraform/plugins/darwin_amd64"
2020/07/14 12:09:32 [DEBUG] found valid plugin: "aci", "0.0.0", "/Users/nirav.katarmal/go/bin/terraform-provider-aci"
2020/07/14 12:09:32 [DEBUG] found valid plugin: "acme", "0.0.0", "/Users/nirav.katarmal/go/bin/terraform-provider-acme"
2020/07/14 12:09:32 [DEBUG] found valid plugin: "aws", "0.0.0", "/Users/nirav.katarmal/go/bin/terraform-provider-aws"
2020/07/14 12:09:32 [DEBUG] found valid plugin: "constellix", "0.0.0", "/Users/nirav.katarmal/go/bin/terraform-provider-constellix"
2020/07/14 12:09:32 [DEBUG] found valid plugin: "dme", "0.0.0", "/Users/nirav.katarmal/go/bin/terraform-provider-dme"
2020/07/14 12:09:32 [DEBUG] found valid plugin: "mso", "0.0.0", "/Users/nirav.katarmal/go/bin/terraform-provider-mso"
2020/07/14 12:09:32 [DEBUG] checking for provisioner in "."
2020/07/14 12:09:32 [DEBUG] checking for provisioner in "/Users/nirav.katarmal/go/bin"
2020/07/14 12:09:32 [DEBUG] checking for provisioner in ".terraform/plugins/darwin_amd64"
2020/07/14 12:09:32 [TRACE] Meta.Backend: backend <nil> does not support operations, so wrapping it in a local backend
2020/07/14 12:09:32 [INFO] backend/local: starting Apply operation
2020/07/14 12:09:33 [TRACE] backend/local: requesting state manager for workspace "default"
2020/07/14 12:09:33 [TRACE] backend/local: state manager for workspace "default" will:
 - read initial snapshot from terraform.tfstate
 - write new snapshots to terraform.tfstate
 - create any backup at terraform.tfstate.backup
2020/07/14 12:09:33 [TRACE] backend/local: requesting state lock for workspace "default"
2020/07/14 12:09:33 [TRACE] statemgr.Filesystem: preparing to manage state snapshots at terraform.tfstate
2020/07/14 12:09:33 [TRACE] statemgr.Filesystem: existing snapshot has lineage "9d57f4ec-9fee-3a16-ffb3-41f81b7ae6f7" serial 25
2020/07/14 12:09:33 [TRACE] statemgr.Filesystem: locking terraform.tfstate using fcntl flock
2020/07/14 12:09:33 [TRACE] statemgr.Filesystem: writing lock metadata to .terraform.tfstate.lock.info
2020/07/14 12:09:33 [TRACE] backend/local: reading remote state for workspace "default"
2020/07/14 12:09:33 [TRACE] statemgr.Filesystem: reading latest snapshot from terraform.tfstate
2020/07/14 12:09:33 [TRACE] statemgr.Filesystem: read snapshot with lineage "9d57f4ec-9fee-3a16-ffb3-41f81b7ae6f7" serial 25
2020/07/14 12:09:33 [TRACE] backend/local: retrieving local state snapshot for workspace "default"
2020/07/14 12:09:33 [TRACE] backend/local: building context for current working directory
2020/07/14 12:09:33 [TRACE] terraform.NewContext: starting
2020/07/14 12:09:33 [TRACE] terraform.NewContext: resolving provider version selections
2020/07/14 12:09:33 [TRACE] terraform.NewContext: loading provider schemas
2020/07/14 12:09:33 [TRACE] LoadSchemas: retrieving schema for provider type "mso"
2020-07-14T12:09:33.122+0530 [INFO]  plugin: configuring client automatic mTLS
2020-07-14T12:09:33.155+0530 [DEBUG] plugin: starting plugin: path=/Users/nirav.katarmal/go/bin/terraform-provider-mso args=[/Users/nirav.katarmal/go/bin/terraform-provider-mso]
2020-07-14T12:09:33.158+0530 [DEBUG] plugin: plugin started: path=/Users/nirav.katarmal/go/bin/terraform-provider-mso pid=27380
2020-07-14T12:09:33.158+0530 [DEBUG] plugin: waiting for RPC address: path=/Users/nirav.katarmal/go/bin/terraform-provider-mso
2020-07-14T12:09:33.179+0530 [INFO]  plugin.terraform-provider-mso: configuring server automatic mTLS: timestamp=2020-07-14T12:09:33.179+0530
2020-07-14T12:09:33.214+0530 [DEBUG] plugin: using plugin: version=5
2020-07-14T12:09:33.214+0530 [DEBUG] plugin.terraform-provider-mso: plugin address: network=unix address=/var/folders/9r/n9wy2k4n00xgzd3vwwg2dl7572n7lr/T/plugin519246147 timestamp=2020-07-14T12:09:33.214+0530
2020/07/14 12:09:33 [TRACE] GRPCProvider: GetSchema
2020/07/14 12:09:33 [TRACE] GRPCProvider: Close
2020-07-14T12:09:33.296+0530 [DEBUG] plugin: plugin process exited: path=/Users/nirav.katarmal/go/bin/terraform-provider-mso pid=27380
2020-07-14T12:09:33.296+0530 [DEBUG] plugin: plugin exited
2020/07/14 12:09:33 [TRACE] terraform.NewContext: complete
2020/07/14 12:09:33 [TRACE] backend/local: finished building terraform.Context
2020/07/14 12:09:33 [TRACE] backend/local: requesting interactive input, if necessary
2020/07/14 12:09:33 [TRACE] Context.Input: Prompting for provider arguments
2020/07/14 12:09:33 [TRACE] Context.Input: Provider provider.mso declared at main.tf:1,1-15
2020/07/14 12:09:33 [TRACE] Context.Input: Input for provider.mso: map[string]cty.Value{}
2020/07/14 12:09:33 [TRACE] backend/local: running validation operation
2020/07/14 12:09:33 [INFO] terraform: building graph: GraphTypeValidate
2020/07/14 12:09:33 [TRACE] Executing graph transform *terraform.ConfigTransformer
2020/07/14 12:09:33 [TRACE] ConfigTransformer: Starting for path: 
2020/07/14 12:09:33 [TRACE] Completed graph transform *terraform.ConfigTransformer with new graph:
  data.mso_schema_template_service_graph.test_sg - *terraform.NodeValidatableResource
  mso_schema_template_service_graph.test_sg - *terraform.NodeValidatableResource
  ------
2020/07/14 12:09:33 [TRACE] Executing graph transform *terraform.LocalTransformer
2020/07/14 12:09:33 [TRACE] Completed graph transform *terraform.LocalTransformer (no changes)
2020/07/14 12:09:33 [TRACE] Executing graph transform *terraform.OutputTransformer
2020/07/14 12:09:33 [TRACE] Completed graph transform *terraform.OutputTransformer (no changes)
2020/07/14 12:09:33 [TRACE] Executing graph transform *terraform.OrphanResourceInstanceTransformer
2020/07/14 12:09:33 [TRACE] Completed graph transform *terraform.OrphanResourceInstanceTransformer (no changes)
2020/07/14 12:09:33 [TRACE] Executing graph transform *terraform.StateTransformer
2020/07/14 12:09:33 [TRACE] StateTransformer: creating nodes for deposed instance objects only
2020/07/14 12:09:33 [TRACE] Completed graph transform *terraform.StateTransformer (no changes)
2020/07/14 12:09:33 [TRACE] Executing graph transform *terraform.OrphanOutputTransformer
2020/07/14 12:09:33 [TRACE] Completed graph transform *terraform.OrphanOutputTransformer (no changes)
2020/07/14 12:09:33 [TRACE] Executing graph transform *terraform.AttachResourceConfigTransformer
2020/07/14 12:09:33 [TRACE] AttachResourceConfigTransformer: attaching to "mso_schema_template_service_graph.test_sg" (*terraform.NodeValidatableResource) config from main.tf:8,1-55
2020/07/14 12:09:33 [TRACE] AttachResourceConfigTransformer: attaching to "data.mso_schema_template_service_graph.test_sg" (*terraform.NodeValidatableResource) config from hcl.Range{Filename:"main.tf", Start:hcl.Pos{Line:23, Column:1, Byte:505}, End:hcl.Pos{Line:23, Column:51, Byte:555}}
2020/07/14 12:09:33 [TRACE] Completed graph transform *terraform.AttachResourceConfigTransformer (no changes)
2020/07/14 12:09:33 [TRACE] Executing graph transform *terraform.AttachStateTransformer
2020/07/14 12:09:33 [TRACE] Completed graph transform *terraform.AttachStateTransformer (no changes)
2020/07/14 12:09:33 [TRACE] Executing graph transform *terraform.RootVariableTransformer
2020/07/14 12:09:33 [TRACE] Completed graph transform *terraform.RootVariableTransformer (no changes)
2020/07/14 12:09:33 [TRACE] Executing graph transform *terraform.MissingProvisionerTransformer
2020/07/14 12:09:33 [TRACE] Completed graph transform *terraform.MissingProvisionerTransformer (no changes)
2020/07/14 12:09:33 [TRACE] Executing graph transform *terraform.ProvisionerTransformer
2020/07/14 12:09:33 [TRACE] Completed graph transform *terraform.ProvisionerTransformer (no changes)
2020/07/14 12:09:33 [TRACE] Executing graph transform *terraform.ModuleVariableTransformer
2020/07/14 12:09:33 [TRACE] Completed graph transform *terraform.ModuleVariableTransformer (no changes)
2020/07/14 12:09:33 [TRACE] Executing graph transform *terraform.graphTransformerMulti
2020/07/14 12:09:33 [TRACE] (graphTransformerMulti) Executing graph transform *terraform.ProviderConfigTransformer
2020/07/14 12:09:33 [TRACE] ProviderConfigTransformer: attaching to "provider.mso" provider configuration from main.tf:1,1-15
2020/07/14 12:09:33 [TRACE] (graphTransformerMulti) Completed graph transform *terraform.ProviderConfigTransformer with new graph:
  data.mso_schema_template_service_graph.test_sg - *terraform.NodeValidatableResource
  mso_schema_template_service_graph.test_sg - *terraform.NodeValidatableResource
  provider.mso - *terraform.NodeApplyableProvider
  ------
2020/07/14 12:09:33 [TRACE] (graphTransformerMulti) Executing graph transform *terraform.MissingProviderTransformer
2020/07/14 12:09:33 [TRACE] (graphTransformerMulti) Completed graph transform *terraform.MissingProviderTransformer (no changes)
2020/07/14 12:09:33 [TRACE] (graphTransformerMulti) Executing graph transform *terraform.ProviderTransformer
2020/07/14 12:09:33 [TRACE] ProviderTransformer: mso_schema_template_service_graph.test_sg is provided by provider.mso or inherited equivalent
2020/07/14 12:09:33 [TRACE] ProviderTransformer: data.mso_schema_template_service_graph.test_sg is provided by provider.mso or inherited equivalent
2020/07/14 12:09:33 [TRACE] ProviderTransformer: exact match for provider.mso serving mso_schema_template_service_graph.test_sg
2020/07/14 12:09:33 [DEBUG] ProviderTransformer: "mso_schema_template_service_graph.test_sg" (*terraform.NodeValidatableResource) needs provider.mso
2020/07/14 12:09:33 [TRACE] ProviderTransformer: exact match for provider.mso serving data.mso_schema_template_service_graph.test_sg
2020/07/14 12:09:33 [DEBUG] ProviderTransformer: "data.mso_schema_template_service_graph.test_sg" (*terraform.NodeValidatableResource) needs provider.mso
2020/07/14 12:09:33 [TRACE] (graphTransformerMulti) Completed graph transform *terraform.ProviderTransformer with new graph:
  data.mso_schema_template_service_graph.test_sg - *terraform.NodeValidatableResource
    provider.mso - *terraform.NodeApplyableProvider
  mso_schema_template_service_graph.test_sg - *terraform.NodeValidatableResource
    provider.mso - *terraform.NodeApplyableProvider
  provider.mso - *terraform.NodeApplyableProvider
  ------
2020/07/14 12:09:33 [TRACE] (graphTransformerMulti) Executing graph transform *terraform.PruneProviderTransformer
2020/07/14 12:09:33 [TRACE] (graphTransformerMulti) Completed graph transform *terraform.PruneProviderTransformer (no changes)
2020/07/14 12:09:33 [TRACE] (graphTransformerMulti) Executing graph transform *terraform.ParentProviderTransformer
2020/07/14 12:09:33 [TRACE] (graphTransformerMulti) Completed graph transform *terraform.ParentProviderTransformer (no changes)
2020/07/14 12:09:33 [TRACE] Completed graph transform *terraform.graphTransformerMulti with new graph:
  data.mso_schema_template_service_graph.test_sg - *terraform.NodeValidatableResource
    provider.mso - *terraform.NodeApplyableProvider
  mso_schema_template_service_graph.test_sg - *terraform.NodeValidatableResource
    provider.mso - *terraform.NodeApplyableProvider
  provider.mso - *terraform.NodeApplyableProvider
  ------
2020/07/14 12:09:33 [TRACE] Executing graph transform *terraform.RemovedModuleTransformer
2020/07/14 12:09:33 [TRACE] Completed graph transform *terraform.RemovedModuleTransformer (no changes)
2020/07/14 12:09:33 [TRACE] Executing graph transform *terraform.AttachSchemaTransformer
2020/07/14 12:09:33 [TRACE] AttachSchemaTransformer: attaching resource schema to mso_schema_template_service_graph.test_sg
2020/07/14 12:09:33 [TRACE] AttachSchemaTransformer: attaching resource schema to data.mso_schema_template_service_graph.test_sg
2020/07/14 12:09:33 [TRACE] AttachSchemaTransformer: attaching provider config schema to provider.mso
2020/07/14 12:09:33 [TRACE] Completed graph transform *terraform.AttachSchemaTransformer (no changes)
2020/07/14 12:09:33 [TRACE] Executing graph transform *terraform.ReferenceTransformer
2020/07/14 12:09:33 [DEBUG] ReferenceTransformer: "mso_schema_template_service_graph.test_sg" references: []
2020/07/14 12:09:33 [DEBUG] ReferenceTransformer: "data.mso_schema_template_service_graph.test_sg" references: []
2020/07/14 12:09:33 [DEBUG] ReferenceTransformer: "provider.mso" references: []
2020/07/14 12:09:33 [TRACE] Completed graph transform *terraform.ReferenceTransformer (no changes)
2020/07/14 12:09:33 [TRACE] Executing graph transform *terraform.CountBoundaryTransformer
2020/07/14 12:09:33 [TRACE] Completed graph transform *terraform.CountBoundaryTransformer with new graph:
  data.mso_schema_template_service_graph.test_sg - *terraform.NodeValidatableResource
    provider.mso - *terraform.NodeApplyableProvider
  meta.count-boundary (EachMode fixup) - *terraform.NodeCountBoundary
    data.mso_schema_template_service_graph.test_sg - *terraform.NodeValidatableResource
    mso_schema_template_service_graph.test_sg - *terraform.NodeValidatableResource
    provider.mso - *terraform.NodeApplyableProvider
  mso_schema_template_service_graph.test_sg - *terraform.NodeValidatableResource
    provider.mso - *terraform.NodeApplyableProvider
  provider.mso - *terraform.NodeApplyableProvider
  ------
2020/07/14 12:09:33 [TRACE] Executing graph transform *terraform.TargetsTransformer
2020/07/14 12:09:33 [TRACE] Completed graph transform *terraform.TargetsTransformer (no changes)
2020/07/14 12:09:33 [TRACE] Executing graph transform *terraform.ForcedCBDTransformer
2020/07/14 12:09:33 [TRACE] Completed graph transform *terraform.ForcedCBDTransformer (no changes)
2020/07/14 12:09:33 [TRACE] Executing graph transform *terraform.CloseProviderTransformer
2020/07/14 12:09:33 [TRACE] Completed graph transform *terraform.CloseProviderTransformer with new graph:
  data.mso_schema_template_service_graph.test_sg - *terraform.NodeValidatableResource
    provider.mso - *terraform.NodeApplyableProvider
  meta.count-boundary (EachMode fixup) - *terraform.NodeCountBoundary
    data.mso_schema_template_service_graph.test_sg - *terraform.NodeValidatableResource
    mso_schema_template_service_graph.test_sg - *terraform.NodeValidatableResource
    provider.mso - *terraform.NodeApplyableProvider
  mso_schema_template_service_graph.test_sg - *terraform.NodeValidatableResource
    provider.mso - *terraform.NodeApplyableProvider
  provider.mso - *terraform.NodeApplyableProvider
  provider.mso (close) - *terraform.graphNodeCloseProvider
    data.mso_schema_template_service_graph.test_sg - *terraform.NodeValidatableResource
    mso_schema_template_service_graph.test_sg - *terraform.NodeValidatableResource
    provider.mso - *terraform.NodeApplyableProvider
  ------
2020/07/14 12:09:33 [TRACE] Executing graph transform *terraform.CloseProvisionerTransformer
2020/07/14 12:09:33 [TRACE] Completed graph transform *terraform.CloseProvisionerTransformer (no changes)
2020/07/14 12:09:33 [TRACE] Executing graph transform *terraform.RootTransformer
2020/07/14 12:09:33 [TRACE] Completed graph transform *terraform.RootTransformer with new graph:
  data.mso_schema_template_service_graph.test_sg - *terraform.NodeValidatableResource
    provider.mso - *terraform.NodeApplyableProvider
  meta.count-boundary (EachMode fixup) - *terraform.NodeCountBoundary
    data.mso_schema_template_service_graph.test_sg - *terraform.NodeValidatableResource
    mso_schema_template_service_graph.test_sg - *terraform.NodeValidatableResource
    provider.mso - *terraform.NodeApplyableProvider
  mso_schema_template_service_graph.test_sg - *terraform.NodeValidatableResource
    provider.mso - *terraform.NodeApplyableProvider
  provider.mso - *terraform.NodeApplyableProvider
  provider.mso (close) - *terraform.graphNodeCloseProvider
    data.mso_schema_template_service_graph.test_sg - *terraform.NodeValidatableResource
    mso_schema_template_service_graph.test_sg - *terraform.NodeValidatableResource
    provider.mso - *terraform.NodeApplyableProvider
  root - terraform.graphNodeRoot
    meta.count-boundary (EachMode fixup) - *terraform.NodeCountBoundary
    provider.mso (close) - *terraform.graphNodeCloseProvider
  ------
2020/07/14 12:09:33 [TRACE] Executing graph transform *terraform.TransitiveReductionTransformer
2020/07/14 12:09:33 [TRACE] Completed graph transform *terraform.TransitiveReductionTransformer with new graph:
  data.mso_schema_template_service_graph.test_sg - *terraform.NodeValidatableResource
    provider.mso - *terraform.NodeApplyableProvider
  meta.count-boundary (EachMode fixup) - *terraform.NodeCountBoundary
    data.mso_schema_template_service_graph.test_sg - *terraform.NodeValidatableResource
    mso_schema_template_service_graph.test_sg - *terraform.NodeValidatableResource
  mso_schema_template_service_graph.test_sg - *terraform.NodeValidatableResource
    provider.mso - *terraform.NodeApplyableProvider
  provider.mso - *terraform.NodeApplyableProvider
  provider.mso (close) - *terraform.graphNodeCloseProvider
    data.mso_schema_template_service_graph.test_sg - *terraform.NodeValidatableResource
    mso_schema_template_service_graph.test_sg - *terraform.NodeValidatableResource
  root - terraform.graphNodeRoot
    meta.count-boundary (EachMode fixup) - *terraform.NodeCountBoundary
    provider.mso (close) - *terraform.graphNodeCloseProvider
  ------
2020/07/14 12:09:33 [DEBUG] Starting graph walk: walkValidate
2020/07/14 12:09:33 [TRACE] dag/walk: updating graph
2020/07/14 12:09:33 [TRACE] dag/walk: added new vertex: "provider.mso"
2020/07/14 12:09:33 [TRACE] dag/walk: added new vertex: "meta.count-boundary (EachMode fixup)"
2020/07/14 12:09:33 [TRACE] dag/walk: added new vertex: "provider.mso (close)"
2020/07/14 12:09:33 [TRACE] dag/walk: added new vertex: "root"
2020/07/14 12:09:33 [TRACE] dag/walk: added new vertex: "mso_schema_template_service_graph.test_sg"
2020/07/14 12:09:33 [TRACE] dag/walk: added new vertex: "data.mso_schema_template_service_graph.test_sg"
2020/07/14 12:09:33 [TRACE] dag/walk: added edge: "meta.count-boundary (EachMode fixup)" waiting on "mso_schema_template_service_graph.test_sg"
2020/07/14 12:09:33 [TRACE] dag/walk: added edge: "root" waiting on "meta.count-boundary (EachMode fixup)"
2020/07/14 12:09:33 [TRACE] dag/walk: added edge: "meta.count-boundary (EachMode fixup)" waiting on "data.mso_schema_template_service_graph.test_sg"
2020/07/14 12:09:33 [TRACE] dag/walk: added edge: "provider.mso (close)" waiting on "data.mso_schema_template_service_graph.test_sg"
2020/07/14 12:09:33 [TRACE] dag/walk: added edge: "provider.mso (close)" waiting on "mso_schema_template_service_graph.test_sg"
2020/07/14 12:09:33 [TRACE] dag/walk: added edge: "root" waiting on "provider.mso (close)"
2020/07/14 12:09:33 [TRACE] dag/walk: added edge: "mso_schema_template_service_graph.test_sg" waiting on "provider.mso"
2020/07/14 12:09:33 [TRACE] dag/walk: added edge: "data.mso_schema_template_service_graph.test_sg" waiting on "provider.mso"
2020/07/14 12:09:33 [TRACE] dag/walk: dependencies changed for "provider.mso (close)", sending new deps
2020/07/14 12:09:33 [TRACE] dag/walk: dependencies changed for "mso_schema_template_service_graph.test_sg", sending new deps
2020/07/14 12:09:33 [TRACE] dag/walk: dependencies changed for "data.mso_schema_template_service_graph.test_sg", sending new deps
2020/07/14 12:09:33 [TRACE] dag/walk: dependencies changed for "meta.count-boundary (EachMode fixup)", sending new deps
2020/07/14 12:09:33 [TRACE] dag/walk: dependencies changed for "root", sending new deps
2020/07/14 12:09:33 [TRACE] dag/walk: visiting "provider.mso"
2020/07/14 12:09:33 [TRACE] vertex "provider.mso": starting visit (*terraform.NodeApplyableProvider)
2020/07/14 12:09:33 [TRACE] vertex "provider.mso": evaluating
2020/07/14 12:09:33 [TRACE] [walkValidate] Entering eval tree: provider.mso
2020/07/14 12:09:33 [TRACE] <root>: eval: *terraform.EvalSequence
2020/07/14 12:09:33 [TRACE] <root>: eval: *terraform.EvalInitProvider
2020-07-14T12:09:33.299+0530 [INFO]  plugin: configuring client automatic mTLS
2020-07-14T12:09:33.338+0530 [DEBUG] plugin: starting plugin: path=/Users/nirav.katarmal/go/bin/terraform-provider-mso args=[/Users/nirav.katarmal/go/bin/terraform-provider-mso]
2020-07-14T12:09:33.342+0530 [DEBUG] plugin: plugin started: path=/Users/nirav.katarmal/go/bin/terraform-provider-mso pid=27381
2020-07-14T12:09:33.342+0530 [DEBUG] plugin: waiting for RPC address: path=/Users/nirav.katarmal/go/bin/terraform-provider-mso
2020-07-14T12:09:33.362+0530 [INFO]  plugin.terraform-provider-mso: configuring server automatic mTLS: timestamp=2020-07-14T12:09:33.361+0530
2020-07-14T12:09:33.400+0530 [DEBUG] plugin: using plugin: version=5
2020-07-14T12:09:33.401+0530 [DEBUG] plugin.terraform-provider-mso: plugin address: network=unix address=/var/folders/9r/n9wy2k4n00xgzd3vwwg2dl7572n7lr/T/plugin415445216 timestamp=2020-07-14T12:09:33.400+0530
2020/07/14 12:09:33 [TRACE] BuiltinEvalContext: Initialized "mso" provider for provider.mso
2020/07/14 12:09:33 [TRACE] <root>: eval: terraform.EvalNoop
2020/07/14 12:09:33 [TRACE] <root>: eval: *terraform.EvalOpFilter
2020/07/14 12:09:33 [TRACE] <root>: eval: *terraform.EvalSequence
2020/07/14 12:09:33 [TRACE] <root>: eval: *terraform.EvalGetProvider
2020/07/14 12:09:33 [TRACE] <root>: eval: *terraform.EvalValidateProvider
2020/07/14 12:09:33 [TRACE] buildProviderConfig for provider.mso: using explicit config only
2020/07/14 12:09:33 [TRACE] GRPCProvider: GetSchema
2020/07/14 12:09:33 [TRACE] GRPCProvider: PrepareProviderConfig
2020/07/14 12:09:33 [TRACE] <root>: eval: terraform.EvalNoop
2020/07/14 12:09:33 [TRACE] <root>: eval: terraform.EvalNoop
2020/07/14 12:09:33 [TRACE] [walkValidate] Exiting eval tree: provider.mso
2020/07/14 12:09:33 [TRACE] vertex "provider.mso": visit complete
2020/07/14 12:09:33 [TRACE] dag/walk: visiting "data.mso_schema_template_service_graph.test_sg"
2020/07/14 12:09:33 [TRACE] vertex "data.mso_schema_template_service_graph.test_sg": starting visit (*terraform.NodeValidatableResource)
2020/07/14 12:09:33 [TRACE] vertex "data.mso_schema_template_service_graph.test_sg": evaluating
2020/07/14 12:09:33 [TRACE] [walkValidate] Entering eval tree: data.mso_schema_template_service_graph.test_sg
2020/07/14 12:09:33 [TRACE] <root>: eval: *terraform.EvalSequence
2020/07/14 12:09:33 [TRACE] <root>: eval: *terraform.EvalGetProvider
2020/07/14 12:09:33 [TRACE] <root>: eval: *terraform.EvalValidateResource
2020/07/14 12:09:33 [TRACE] dag/walk: visiting "mso_schema_template_service_graph.test_sg"
2020/07/14 12:09:33 [TRACE] vertex "mso_schema_template_service_graph.test_sg": starting visit (*terraform.NodeValidatableResource)
2020/07/14 12:09:33 [TRACE] vertex "mso_schema_template_service_graph.test_sg": evaluating
2020/07/14 12:09:33 [TRACE] [walkValidate] Entering eval tree: mso_schema_template_service_graph.test_sg
2020/07/14 12:09:33 [TRACE] <root>: eval: *terraform.EvalSequence
2020/07/14 12:09:33 [TRACE] <root>: eval: *terraform.EvalGetProvider
2020/07/14 12:09:33 [TRACE] <root>: eval: *terraform.EvalValidateResource
2020/07/14 12:09:33 [TRACE] GRPCProvider: ValidateDataSourceConfig
2020/07/14 12:09:33 [TRACE] GRPCProvider: ValidateResourceTypeConfig
2020/07/14 12:09:33 [TRACE] [walkValidate] Exiting eval tree: mso_schema_template_service_graph.test_sg
2020/07/14 12:09:33 [TRACE] vertex "mso_schema_template_service_graph.test_sg": visit complete
2020/07/14 12:09:33 [TRACE] [walkValidate] Exiting eval tree: data.mso_schema_template_service_graph.test_sg
2020/07/14 12:09:33 [TRACE] vertex "data.mso_schema_template_service_graph.test_sg": visit complete
2020/07/14 12:09:33 [TRACE] dag/walk: visiting "meta.count-boundary (EachMode fixup)"
2020/07/14 12:09:33 [TRACE] vertex "meta.count-boundary (EachMode fixup)": starting visit (*terraform.NodeCountBoundary)
2020/07/14 12:09:33 [TRACE] vertex "meta.count-boundary (EachMode fixup)": evaluating
2020/07/14 12:09:33 [TRACE] dag/walk: visiting "provider.mso (close)"
2020/07/14 12:09:33 [TRACE] vertex "provider.mso (close)": starting visit (*terraform.graphNodeCloseProvider)
2020/07/14 12:09:33 [TRACE] [walkValidate] Entering eval tree: meta.count-boundary (EachMode fixup)
2020/07/14 12:09:33 [TRACE] <root>: eval: *terraform.EvalCountFixZeroOneBoundaryGlobal
2020/07/14 12:09:33 [TRACE] vertex "provider.mso (close)": evaluating
2020/07/14 12:09:33 [TRACE] [walkValidate] Entering eval tree: provider.mso (close)
2020/07/14 12:09:33 [TRACE] <root>: eval: *terraform.EvalCloseProvider
2020/07/14 12:09:33 [TRACE] GRPCProvider: Close
2020/07/14 12:09:33 [TRACE] [walkValidate] Exiting eval tree: meta.count-boundary (EachMode fixup)
2020/07/14 12:09:33 [TRACE] vertex "meta.count-boundary (EachMode fixup)": visit complete
2020-07-14T12:09:33.490+0530 [DEBUG] plugin: plugin process exited: path=/Users/nirav.katarmal/go/bin/terraform-provider-mso pid=27381
2020-07-14T12:09:33.490+0530 [DEBUG] plugin: plugin exited
2020/07/14 12:09:33 [TRACE] [walkValidate] Exiting eval tree: provider.mso (close)
2020/07/14 12:09:33 [TRACE] vertex "provider.mso (close)": visit complete
2020/07/14 12:09:33 [TRACE] dag/walk: visiting "root"
2020/07/14 12:09:33 [TRACE] vertex "root": starting visit (terraform.graphNodeRoot)
2020/07/14 12:09:33 [TRACE] vertex "root": visit complete
2020/07/14 12:09:33 [INFO] backend/local: apply calling Refresh
2020/07/14 12:09:33 [INFO] terraform: building graph: GraphTypeRefresh
2020/07/14 12:09:33 [TRACE] Executing graph transform *terraform.ConfigTransformer
2020/07/14 12:09:33 [TRACE] ConfigTransformer: Starting for path: 
2020/07/14 12:09:33 [TRACE] Completed graph transform *terraform.ConfigTransformer with new graph:
  mso_schema_template_service_graph.test_sg - *terraform.NodeRefreshableManagedResource
  ------
2020/07/14 12:09:33 [TRACE] Executing graph transform *terraform.ConfigTransformer
2020/07/14 12:09:33 [TRACE] ConfigTransformer: Starting for path: 
2020/07/14 12:09:33 [TRACE] Completed graph transform *terraform.ConfigTransformer with new graph:
  data.mso_schema_template_service_graph.test_sg - *terraform.NodeRefreshableDataResource
  mso_schema_template_service_graph.test_sg - *terraform.NodeRefreshableManagedResource
  ------
2020/07/14 12:09:33 [TRACE] Executing graph transform *terraform.OrphanResourceInstanceTransformer
2020/07/14 12:09:33 [TRACE] Completed graph transform *terraform.OrphanResourceInstanceTransformer (no changes)
2020/07/14 12:09:33 [TRACE] Executing graph transform *terraform.StateTransformer
2020/07/14 12:09:33 [TRACE] StateTransformer: creating nodes for deposed instance objects only
2020/07/14 12:09:33 [TRACE] Completed graph transform *terraform.StateTransformer (no changes)
2020/07/14 12:09:33 [TRACE] Executing graph transform *terraform.AttachStateTransformer
2020/07/14 12:09:33 [TRACE] Completed graph transform *terraform.AttachStateTransformer (no changes)
2020/07/14 12:09:33 [TRACE] Executing graph transform *terraform.AttachResourceConfigTransformer
2020/07/14 12:09:33 [TRACE] AttachResourceConfigTransformer: attaching to "data.mso_schema_template_service_graph.test_sg" (*terraform.NodeRefreshableDataResource) config from hcl.Range{Filename:"main.tf", Start:hcl.Pos{Line:23, Column:1, Byte:505}, End:hcl.Pos{Line:23, Column:51, Byte:555}}
2020/07/14 12:09:33 [TRACE] AttachResourceConfigTransformer: attaching to "mso_schema_template_service_graph.test_sg" (*terraform.NodeRefreshableManagedResource) config from main.tf:8,1-55
2020/07/14 12:09:33 [TRACE] Completed graph transform *terraform.AttachResourceConfigTransformer (no changes)
2020/07/14 12:09:33 [TRACE] Executing graph transform *terraform.RootVariableTransformer
2020/07/14 12:09:33 [TRACE] Completed graph transform *terraform.RootVariableTransformer (no changes)
2020/07/14 12:09:33 [TRACE] Executing graph transform *terraform.LocalTransformer
2020/07/14 12:09:33 [TRACE] Completed graph transform *terraform.LocalTransformer (no changes)
2020/07/14 12:09:33 [TRACE] Executing graph transform *terraform.OutputTransformer
2020/07/14 12:09:33 [TRACE] Completed graph transform *terraform.OutputTransformer (no changes)
2020/07/14 12:09:33 [TRACE] Executing graph transform *terraform.ModuleVariableTransformer
2020/07/14 12:09:33 [TRACE] Completed graph transform *terraform.ModuleVariableTransformer (no changes)
2020/07/14 12:09:33 [TRACE] Executing graph transform *terraform.graphTransformerMulti
2020/07/14 12:09:33 [TRACE] (graphTransformerMulti) Executing graph transform *terraform.ProviderConfigTransformer
2020/07/14 12:09:33 [TRACE] ProviderConfigTransformer: attaching to "provider.mso" provider configuration from main.tf:1,1-15
2020/07/14 12:09:33 [TRACE] (graphTransformerMulti) Completed graph transform *terraform.ProviderConfigTransformer with new graph:
  data.mso_schema_template_service_graph.test_sg - *terraform.NodeRefreshableDataResource
  mso_schema_template_service_graph.test_sg - *terraform.NodeRefreshableManagedResource
  provider.mso - *terraform.NodeApplyableProvider
  ------
2020/07/14 12:09:33 [TRACE] (graphTransformerMulti) Executing graph transform *terraform.MissingProviderTransformer
2020/07/14 12:09:33 [TRACE] (graphTransformerMulti) Completed graph transform *terraform.MissingProviderTransformer (no changes)
2020/07/14 12:09:33 [TRACE] (graphTransformerMulti) Executing graph transform *terraform.ProviderTransformer
2020/07/14 12:09:33 [TRACE] ProviderTransformer: mso_schema_template_service_graph.test_sg is provided by provider.mso or inherited equivalent
2020/07/14 12:09:33 [TRACE] ProviderTransformer: data.mso_schema_template_service_graph.test_sg is provided by provider.mso or inherited equivalent
2020/07/14 12:09:33 [TRACE] ProviderTransformer: exact match for provider.mso serving mso_schema_template_service_graph.test_sg
2020/07/14 12:09:33 [DEBUG] ProviderTransformer: "mso_schema_template_service_graph.test_sg" (*terraform.NodeRefreshableManagedResource) needs provider.mso
2020/07/14 12:09:33 [TRACE] ProviderTransformer: exact match for provider.mso serving data.mso_schema_template_service_graph.test_sg
2020/07/14 12:09:33 [DEBUG] ProviderTransformer: "data.mso_schema_template_service_graph.test_sg" (*terraform.NodeRefreshableDataResource) needs provider.mso
2020/07/14 12:09:33 [TRACE] (graphTransformerMulti) Completed graph transform *terraform.ProviderTransformer with new graph:
  data.mso_schema_template_service_graph.test_sg - *terraform.NodeRefreshableDataResource
    provider.mso - *terraform.NodeApplyableProvider
  mso_schema_template_service_graph.test_sg - *terraform.NodeRefreshableManagedResource
    provider.mso - *terraform.NodeApplyableProvider
  provider.mso - *terraform.NodeApplyableProvider
  ------
2020/07/14 12:09:33 [TRACE] (graphTransformerMulti) Executing graph transform *terraform.PruneProviderTransformer
2020/07/14 12:09:33 [TRACE] (graphTransformerMulti) Completed graph transform *terraform.PruneProviderTransformer (no changes)
2020/07/14 12:09:33 [TRACE] (graphTransformerMulti) Executing graph transform *terraform.ParentProviderTransformer
2020/07/14 12:09:33 [TRACE] (graphTransformerMulti) Completed graph transform *terraform.ParentProviderTransformer (no changes)
2020/07/14 12:09:33 [TRACE] Completed graph transform *terraform.graphTransformerMulti with new graph:
  data.mso_schema_template_service_graph.test_sg - *terraform.NodeRefreshableDataResource
    provider.mso - *terraform.NodeApplyableProvider
  mso_schema_template_service_graph.test_sg - *terraform.NodeRefreshableManagedResource
    provider.mso - *terraform.NodeApplyableProvider
  provider.mso - *terraform.NodeApplyableProvider
  ------
2020/07/14 12:09:33 [TRACE] Executing graph transform *terraform.AttachSchemaTransformer
2020/07/14 12:09:33 [TRACE] AttachSchemaTransformer: attaching resource schema to data.mso_schema_template_service_graph.test_sg
2020/07/14 12:09:33 [TRACE] AttachSchemaTransformer: attaching provider config schema to provider.mso
2020/07/14 12:09:33 [TRACE] AttachSchemaTransformer: attaching resource schema to mso_schema_template_service_graph.test_sg
2020/07/14 12:09:33 [TRACE] Completed graph transform *terraform.AttachSchemaTransformer (no changes)
2020/07/14 12:09:33 [TRACE] Executing graph transform *terraform.ReferenceTransformer
2020/07/14 12:09:33 [DEBUG] ReferenceTransformer: "provider.mso" references: []
2020/07/14 12:09:33 [DEBUG] ReferenceTransformer: "mso_schema_template_service_graph.test_sg" references: []
2020/07/14 12:09:33 [DEBUG] ReferenceTransformer: "data.mso_schema_template_service_graph.test_sg" references: []
2020/07/14 12:09:33 [TRACE] Completed graph transform *terraform.ReferenceTransformer (no changes)
2020/07/14 12:09:33 [TRACE] Executing graph transform *terraform.AttachDependenciesTransformer
2020/07/14 12:09:33 [TRACE] AttachDependenciesTransformer: mso_schema_template_service_graph.test_sg depends on []
2020/07/14 12:09:33 [TRACE] Completed graph transform *terraform.AttachDependenciesTransformer (no changes)
2020/07/14 12:09:33 [TRACE] Executing graph transform *terraform.TargetsTransformer
2020/07/14 12:09:33 [TRACE] Completed graph transform *terraform.TargetsTransformer (no changes)
2020/07/14 12:09:33 [TRACE] Executing graph transform *terraform.CloseProviderTransformer
2020/07/14 12:09:33 [TRACE] Completed graph transform *terraform.CloseProviderTransformer with new graph:
  data.mso_schema_template_service_graph.test_sg - *terraform.NodeRefreshableDataResource
    provider.mso - *terraform.NodeApplyableProvider
  mso_schema_template_service_graph.test_sg - *terraform.NodeRefreshableManagedResource
    provider.mso - *terraform.NodeApplyableProvider
  provider.mso - *terraform.NodeApplyableProvider
  provider.mso (close) - *terraform.graphNodeCloseProvider
    data.mso_schema_template_service_graph.test_sg - *terraform.NodeRefreshableDataResource
    mso_schema_template_service_graph.test_sg - *terraform.NodeRefreshableManagedResource
    provider.mso - *terraform.NodeApplyableProvider
  ------
2020/07/14 12:09:33 [TRACE] Executing graph transform *terraform.RootTransformer
2020/07/14 12:09:33 [TRACE] Completed graph transform *terraform.RootTransformer (no changes)
2020/07/14 12:09:33 [TRACE] Executing graph transform *terraform.TransitiveReductionTransformer
2020/07/14 12:09:33 [TRACE] Completed graph transform *terraform.TransitiveReductionTransformer with new graph:
  data.mso_schema_template_service_graph.test_sg - *terraform.NodeRefreshableDataResource
    provider.mso - *terraform.NodeApplyableProvider
  mso_schema_template_service_graph.test_sg - *terraform.NodeRefreshableManagedResource
    provider.mso - *terraform.NodeApplyableProvider
  provider.mso - *terraform.NodeApplyableProvider
  provider.mso (close) - *terraform.graphNodeCloseProvider
    data.mso_schema_template_service_graph.test_sg - *terraform.NodeRefreshableDataResource
    mso_schema_template_service_graph.test_sg - *terraform.NodeRefreshableManagedResource
  ------
2020/07/14 12:09:33 [DEBUG] Starting graph walk: walkRefresh
2020/07/14 12:09:33 [TRACE] dag/walk: updating graph
2020/07/14 12:09:33 [TRACE] dag/walk: added new vertex: "data.mso_schema_template_service_graph.test_sg"
2020/07/14 12:09:33 [TRACE] dag/walk: added new vertex: "provider.mso"
2020/07/14 12:09:33 [TRACE] dag/walk: added new vertex: "provider.mso (close)"
2020/07/14 12:09:33 [TRACE] dag/walk: added new vertex: "mso_schema_template_service_graph.test_sg"
2020/07/14 12:09:33 [TRACE] dag/walk: added edge: "provider.mso (close)" waiting on "mso_schema_template_service_graph.test_sg"
2020/07/14 12:09:33 [TRACE] dag/walk: added edge: "provider.mso (close)" waiting on "data.mso_schema_template_service_graph.test_sg"
2020/07/14 12:09:33 [TRACE] dag/walk: added edge: "mso_schema_template_service_graph.test_sg" waiting on "provider.mso"
2020/07/14 12:09:33 [TRACE] dag/walk: added edge: "data.mso_schema_template_service_graph.test_sg" waiting on "provider.mso"
2020/07/14 12:09:33 [TRACE] dag/walk: dependencies changed for "data.mso_schema_template_service_graph.test_sg", sending new deps
2020/07/14 12:09:33 [TRACE] dag/walk: dependencies changed for "provider.mso (close)", sending new deps
2020/07/14 12:09:33 [TRACE] dag/walk: dependencies changed for "mso_schema_template_service_graph.test_sg", sending new deps
2020/07/14 12:09:33 [TRACE] dag/walk: visiting "provider.mso"
2020/07/14 12:09:33 [TRACE] vertex "provider.mso": starting visit (*terraform.NodeApplyableProvider)
2020/07/14 12:09:33 [TRACE] vertex "provider.mso": evaluating
2020/07/14 12:09:33 [TRACE] [walkRefresh] Entering eval tree: provider.mso
2020/07/14 12:09:33 [TRACE] <root>: eval: *terraform.EvalSequence
2020/07/14 12:09:33 [TRACE] <root>: eval: *terraform.EvalInitProvider
2020-07-14T12:09:33.494+0530 [INFO]  plugin: configuring client automatic mTLS
2020-07-14T12:09:33.528+0530 [DEBUG] plugin: starting plugin: path=/Users/nirav.katarmal/go/bin/terraform-provider-mso args=[/Users/nirav.katarmal/go/bin/terraform-provider-mso]
2020-07-14T12:09:33.531+0530 [DEBUG] plugin: plugin started: path=/Users/nirav.katarmal/go/bin/terraform-provider-mso pid=27382
2020-07-14T12:09:33.532+0530 [DEBUG] plugin: waiting for RPC address: path=/Users/nirav.katarmal/go/bin/terraform-provider-mso
2020-07-14T12:09:33.554+0530 [INFO]  plugin.terraform-provider-mso: configuring server automatic mTLS: timestamp=2020-07-14T12:09:33.553+0530
2020-07-14T12:09:33.587+0530 [DEBUG] plugin: using plugin: version=5
2020-07-14T12:09:33.587+0530 [DEBUG] plugin.terraform-provider-mso: plugin address: address=/var/folders/9r/n9wy2k4n00xgzd3vwwg2dl7572n7lr/T/plugin396324317 network=unix timestamp=2020-07-14T12:09:33.587+0530
2020/07/14 12:09:33 [TRACE] BuiltinEvalContext: Initialized "mso" provider for provider.mso
2020/07/14 12:09:33 [TRACE] <root>: eval: terraform.EvalNoop
2020/07/14 12:09:33 [TRACE] <root>: eval: terraform.EvalNoop
2020/07/14 12:09:33 [TRACE] <root>: eval: *terraform.EvalOpFilter
2020/07/14 12:09:33 [TRACE] <root>: eval: *terraform.EvalSequence
2020/07/14 12:09:33 [TRACE] <root>: eval: *terraform.EvalGetProvider
2020/07/14 12:09:33 [TRACE] <root>: eval: *terraform.EvalOpFilter
2020/07/14 12:09:33 [TRACE] <root>: eval: *terraform.EvalSequence
2020/07/14 12:09:33 [TRACE] <root>: eval: *terraform.EvalConfigProvider
2020/07/14 12:09:33 [TRACE] buildProviderConfig for provider.mso: using explicit config only
2020/07/14 12:09:33 [TRACE] GRPCProvider: GetSchema
2020/07/14 12:09:33 [TRACE] GRPCProvider: Configure
2020/07/14 12:09:33 [TRACE] [walkRefresh] Exiting eval tree: provider.mso
2020/07/14 12:09:33 [TRACE] vertex "provider.mso": visit complete
2020/07/14 12:09:33 [TRACE] dag/walk: visiting "data.mso_schema_template_service_graph.test_sg"
2020/07/14 12:09:33 [TRACE] vertex "data.mso_schema_template_service_graph.test_sg": starting visit (*terraform.NodeRefreshableDataResource)
2020/07/14 12:09:33 [TRACE] vertex "data.mso_schema_template_service_graph.test_sg": expanding dynamic subgraph
2020/07/14 12:09:33 [TRACE] dag/walk: visiting "mso_schema_template_service_graph.test_sg"
2020/07/14 12:09:33 [TRACE] vertex "mso_schema_template_service_graph.test_sg": starting visit (*terraform.NodeRefreshableManagedResource)
2020/07/14 12:09:33 [TRACE] Executing graph transform *terraform.ResourceCountTransformer
2020/07/14 12:09:33 [TRACE] vertex "mso_schema_template_service_graph.test_sg": expanding dynamic subgraph
2020/07/14 12:09:33 [TRACE] Completed graph transform *terraform.ResourceCountTransformer with new graph:
  data.mso_schema_template_service_graph.test_sg - *terraform.NodeRefreshableDataResourceInstance
  ------
2020/07/14 12:09:33 [TRACE] Executing graph transform *terraform.OrphanResourceCountTransformer
2020/07/14 12:09:33 [TRACE] Completed graph transform *terraform.OrphanResourceCountTransformer (no changes)
2020/07/14 12:09:33 [TRACE] Executing graph transform *terraform.AttachStateTransformer
2020/07/14 12:09:33 [DEBUG] Resource state not found for node "data.mso_schema_template_service_graph.test_sg", instance data.mso_schema_template_service_graph.test_sg
2020/07/14 12:09:33 [TRACE] Completed graph transform *terraform.AttachStateTransformer (no changes)
2020/07/14 12:09:33 [TRACE] Executing graph transform *terraform.TargetsTransformer
2020/07/14 12:09:33 [TRACE] Completed graph transform *terraform.TargetsTransformer (no changes)
2020/07/14 12:09:33 [TRACE] Executing graph transform *terraform.ReferenceTransformer
2020/07/14 12:09:33 [DEBUG] ReferenceTransformer: "data.mso_schema_template_service_graph.test_sg" references: []
2020/07/14 12:09:33 [TRACE] Completed graph transform *terraform.ReferenceTransformer (no changes)
2020/07/14 12:09:33 [TRACE] Executing graph transform *terraform.RootTransformer
2020/07/14 12:09:33 [TRACE] Completed graph transform *terraform.RootTransformer (no changes)
2020/07/14 12:09:33 [TRACE] vertex "data.mso_schema_template_service_graph.test_sg": entering dynamic subgraph
2020/07/14 12:09:33 [TRACE] dag/walk: updating graph
2020/07/14 12:09:33 [TRACE] dag/walk: added new vertex: "data.mso_schema_template_service_graph.test_sg"
2020/07/14 12:09:33 [TRACE] dag/walk: visiting "data.mso_schema_template_service_graph.test_sg"
2020/07/14 12:09:33 [TRACE] vertex "data.mso_schema_template_service_graph.test_sg": starting visit (*terraform.NodeRefreshableDataResourceInstance)
2020/07/14 12:09:33 [TRACE] Executing graph transform *terraform.ResourceCountTransformer
2020/07/14 12:09:33 [TRACE] Completed graph transform *terraform.ResourceCountTransformer with new graph:
  mso_schema_template_service_graph.test_sg - *terraform.NodeRefreshableManagedResourceInstance
  ------
2020/07/14 12:09:33 [TRACE] Executing graph transform *terraform.OrphanResourceCountTransformer
2020/07/14 12:09:33 [TRACE] Completed graph transform *terraform.OrphanResourceCountTransformer (no changes)
2020/07/14 12:09:33 [TRACE] Executing graph transform *terraform.AttachStateTransformer
2020/07/14 12:09:33 [TRACE] Completed graph transform *terraform.AttachStateTransformer (no changes)
2020/07/14 12:09:33 [TRACE] Executing graph transform *terraform.TargetsTransformer
2020/07/14 12:09:33 [TRACE] Completed graph transform *terraform.TargetsTransformer (no changes)
2020/07/14 12:09:33 [TRACE] Executing graph transform *terraform.ReferenceTransformer
2020/07/14 12:09:33 [TRACE] vertex "data.mso_schema_template_service_graph.test_sg": evaluating
2020/07/14 12:09:33 [TRACE] [walkRefresh] Entering eval tree: data.mso_schema_template_service_graph.test_sg
2020/07/14 12:09:33 [TRACE] <root>: eval: *terraform.EvalSequence
2020/07/14 12:09:33 [TRACE] <root>: eval: *terraform.EvalGetProvider
2020/07/14 12:09:33 [TRACE] <root>: eval: *terraform.EvalWriteState
2020/07/14 12:09:33 [DEBUG] ReferenceTransformer: "mso_schema_template_service_graph.test_sg" references: []
2020/07/14 12:09:33 [TRACE] Completed graph transform *terraform.ReferenceTransformer (no changes)
2020/07/14 12:09:33 [TRACE] Executing graph transform *terraform.RootTransformer
2020/07/14 12:09:33 [TRACE] Completed graph transform *terraform.RootTransformer (no changes)
2020/07/14 12:09:33 [TRACE] vertex "mso_schema_template_service_graph.test_sg": entering dynamic subgraph
2020/07/14 12:09:33 [TRACE] dag/walk: updating graph
2020/07/14 12:09:33 [TRACE] dag/walk: added new vertex: "mso_schema_template_service_graph.test_sg"
2020/07/14 12:09:33 [TRACE] dag/walk: visiting "mso_schema_template_service_graph.test_sg"
2020/07/14 12:09:33 [TRACE] vertex "mso_schema_template_service_graph.test_sg": starting visit (*terraform.NodeRefreshableManagedResourceInstance)
2020/07/14 12:09:33 [TRACE] NodeRefreshableManagedResourceInstance: mso_schema_template_service_graph.test_sg will be refreshed
2020/07/14 12:09:33 [TRACE] vertex "mso_schema_template_service_graph.test_sg": evaluating
2020/07/14 12:09:33 [TRACE] [walkRefresh] Entering eval tree: mso_schema_template_service_graph.test_sg
2020/07/14 12:09:33 [TRACE] <root>: eval: *terraform.EvalSequence
2020/07/14 12:09:33 [TRACE] <root>: eval: *terraform.EvalGetProvider
2020/07/14 12:09:33 [TRACE] <root>: eval: *terraform.EvalReadState
2020/07/14 12:09:33 [TRACE] EvalReadState: reading state for mso_schema_template_service_graph.test_sg
2020/07/14 12:09:33 [TRACE] EvalWriteState: removing state object for data.mso_schema_template_service_graph.test_sg
2020/07/14 12:09:33 [TRACE] <root>: eval: *terraform.EvalReadData
2020/07/14 12:09:33 [TRACE] EvalReadData: working on data.mso_schema_template_service_graph.test_sg
2020/07/14 12:09:33 [TRACE] UpgradeResourceState: schema version of mso_schema_template_service_graph.test_sg is still 1; calling provider "registry.terraform.io/-/mso" for any other minor fixups
2020/07/14 12:09:33 [TRACE] GRPCProvider: UpgradeResourceState
2020/07/14 12:09:33 [TRACE] Re-validating config for data.mso_schema_template_service_graph.test_sg
2020/07/14 12:09:33 [TRACE] GRPCProvider: ValidateDataSourceConfig
2020/07/14 12:09:33 [TRACE] <root>: eval: *terraform.EvalRefreshDependencies
2020/07/14 12:09:33 [TRACE] <root>: eval: *terraform.EvalRefresh
2020/07/14 12:09:33 [TRACE] GRPCProvider: ReadResource
2020-07-14T12:09:33.672+0530 [DEBUG] plugin.terraform-provider-mso: 2020/07/14 12:09:33 [DEBUG] sgtf: Beginning Read
2020/07/14 12:09:33 [TRACE] EvalReadData: data.mso_schema_template_service_graph.test_sg configuration is complete, so reading from provider
2020-07-14T12:09:33.673+0530 [DEBUG] plugin.terraform-provider-mso: 2020/07/14 12:09:33 HTTP request GET api/v1/schemas/5f06a4c40f0000b63dbbd647
2020-07-14T12:09:33.673+0530 [DEBUG] plugin.terraform-provider-mso: 2020/07/14 12:09:33 [DEBUG] Begin Injection
2020-07-14T12:09:33.673+0530 [DEBUG] plugin.terraform-provider-mso: 2020/07/14 12:09:33 HTTP request POST /api/v1/auth/login
2020-07-14T12:09:33.673+0530 [DEBUG] plugin.terraform-provider-mso: 2020/07/14 12:09:33 HTTP request after injection POST /api/v1/auth/login
2020-07-14T12:09:33.673+0530 [DEBUG] plugin.terraform-provider-mso: 2020/07/14 12:09:33 [DEBUG] Begining DO method https://173.36.219.66/api/v1/auth/login
2020/07/14 12:09:33 [TRACE] GRPCProvider: ReadDataSource
2020-07-14T12:09:33.674+0530 [DEBUG] plugin.terraform-provider-mso: 2020/07/14 12:09:33 [DEBUG] : Beginning Read
2020-07-14T12:09:33.674+0530 [DEBUG] plugin.terraform-provider-mso: 2020/07/14 12:09:33 HTTP request GET api/v1/schemas/5f06a4c40f0000b63dbbd647
2020-07-14T12:09:33.674+0530 [DEBUG] plugin.terraform-provider-mso: 2020/07/14 12:09:33 [DEBUG] Begin Injection
2020-07-14T12:09:33.675+0530 [DEBUG] plugin.terraform-provider-mso: 2020/07/14 12:09:33 HTTP request POST /api/v1/auth/login
2020-07-14T12:09:33.675+0530 [DEBUG] plugin.terraform-provider-mso: 2020/07/14 12:09:33 HTTP request after injection POST /api/v1/auth/login
2020-07-14T12:09:33.675+0530 [DEBUG] plugin.terraform-provider-mso: 2020/07/14 12:09:33 [DEBUG] Begining DO method https://173.36.219.66/api/v1/auth/login
2020-07-14T12:09:35.012+0530 [DEBUG] plugin.terraform-provider-mso: 2020/07/14 12:09:35 
2020-07-14T12:09:35.012+0530 [DEBUG] plugin.terraform-provider-mso: HTTP Request: POST https://173.36.219.66/api/v1/auth/login
2020-07-14T12:09:35.012+0530 [DEBUG] plugin.terraform-provider-mso: 2020/07/14 12:09:35 nHTTP Response: 201 201 Created &{201 Created 201 HTTP/1.1 1 1 map[Cache-Control:[no-cache] Content-Language:[en] Content-Length:[1205] Content-Type:[application/json] Date:[Tue, 14 Jul 2020 06:39:34 GMT] Expires:[Thu, 01 Jan 1970 00:00:01 GMT] Server:[nginx] Strict-Transport-Security:[max-age=31536000; includeSubDomains] X-Frame-Options:[SAMEORIGIN] X-Ratelimit-Limit:[0] X-Ratelimit-Remaining:[0] X-Ratelimit-Reset:[0]] 0xc000142e40 1205 [] false false map[] 0xc0001d4200 0xc0000b7600}
2020-07-14T12:09:35.013+0530 [DEBUG] plugin.terraform-provider-mso: 2020/07/14 12:09:35 
2020-07-14T12:09:35.013+0530 [DEBUG] plugin.terraform-provider-mso:  HTTP response unique string POST https://173.36.219.66/api/v1/auth/login {"userId":"5efc193e0e0000c109f7cd32","needsPasswordUpdate":false,"token":"eyJ0eXAiOiJKV1QiLCJhbGciOiJIUzI1NiJ9.eyJleHAiOjE1OTQ3MDk5NzQsImlhdCI6MTU5NDcwODc3NCwiaXNzIjoiQXhzWmhMalp6a3Noemt4ZDhpczh6anFZeFFjcWQ4V1QiLCJ1c2VySWQiOiI1ZWZjMTkzZTBlMDAwMGMxMDlmN2NkMzIiLCJ1c2VybmFtZSI6InRlcnJhZm9ybV9naXRodWJfY2kiLCJwZXJtaXNzaW9ucyI6WyJ2aWV3LXNpdGVzIiwidmlldy10ZW5hbnRzIiwidmlldy1zY2hlbWFzIiwidmlldy10ZW5hbnQtc2NoZW1hcyIsInZpZXctdXNlcnMiLCJ2aWV3LXJvbGVzIiwidmlldy1hbGwtYXVkaXQtcmVjb3JkcyIsInZpZXctYmFja3VwIiwidmlldy1sYWJlbHMiLCJtYW5hZ2Utc3lzdGVtIiwibWFuYWdlLXNpdGVzIiwibWFuYWdlLXRlbmFudHMiLCJtYW5hZ2UtbGFiZWxzIiwibWFuYWdlLXNjaGVtYXMiLCJtYW5hZ2UtdGVuYW50LXNjaGVtYXMiLCJtYW5hZ2UtdXNlcnMiLCJtYW5hZ2Utcm9sZXMiLCJtYW5hZ2UtYXVkaXQtcmVjb3JkcyIsIm1hbmFnZS1iYWNrdXAiLCJtYW5hZ2UtbGFiZWxzIiwibWFuYWdlLXN5c3RlbSJdfQ.BajGGfNTzjivNnUE_TY9sCeFR1r9QMw9SVWx9EZrJZA","permissions":["view-sites","view-tenants","view-schemas","view-tenant-schemas","view-users","view-roles","view-all-audit-records","view-backup","view-labels","manage-system","manage-sites","manage-tenants","manage-labels","manage-schemas","manage-tenant-schemas","manage-users","manage-roles","manage-audit-records","manage-backup","manage-labels","manage-system"]}
2020-07-14T12:09:35.013+0530 [DEBUG] plugin.terraform-provider-mso: 2020/07/14 12:09:35 [DEBUG] Exit from do method
2020-07-14T12:09:35.013+0530 [DEBUG] plugin.terraform-provider-mso: 2020/07/14 12:09:35 HTTP request after injection GET api/v1/schemas/5f06a4c40f0000b63dbbd647
2020-07-14T12:09:35.013+0530 [DEBUG] plugin.terraform-provider-mso: 2020/07/14 12:09:35 [DEBUG] Begining DO method https://173.36.219.66/api/v1/schemas/5f06a4c40f0000b63dbbd647
2020-07-14T12:09:35.050+0530 [DEBUG] plugin.terraform-provider-mso: 2020/07/14 12:09:35 
2020-07-14T12:09:35.050+0530 [DEBUG] plugin.terraform-provider-mso: HTTP Request: POST https://173.36.219.66/api/v1/auth/login
2020-07-14T12:09:35.050+0530 [DEBUG] plugin.terraform-provider-mso: 2020/07/14 12:09:35 nHTTP Response: 201 201 Created &{201 Created 201 HTTP/1.1 1 1 map[Cache-Control:[no-cache] Content-Language:[en] Content-Length:[1205] Content-Type:[application/json] Date:[Tue, 14 Jul 2020 06:39:34 GMT] Expires:[Thu, 01 Jan 1970 00:00:01 GMT] Server:[nginx] Strict-Transport-Security:[max-age=31536000; includeSubDomains] X-Frame-Options:[SAMEORIGIN] X-Ratelimit-Limit:[0] X-Ratelimit-Remaining:[0] X-Ratelimit-Reset:[0]] 0xc0001911c0 1205 [] false false map[] 0xc000210400 0xc0003f8a50}
2020-07-14T12:09:35.050+0530 [DEBUG] plugin.terraform-provider-mso: 2020/07/14 12:09:35 
2020-07-14T12:09:35.050+0530 [DEBUG] plugin.terraform-provider-mso:  HTTP response unique string POST https://173.36.219.66/api/v1/auth/login {"userId":"5efc193e0e0000c109f7cd32","needsPasswordUpdate":false,"token":"eyJ0eXAiOiJKV1QiLCJhbGciOiJIUzI1NiJ9.eyJleHAiOjE1OTQ3MDk5NzQsImlhdCI6MTU5NDcwODc3NCwiaXNzIjoid0tUSWR4UEV6Rm9mOFZZc2VxVTZOTW5MbkViaFBocVgiLCJ1c2VySWQiOiI1ZWZjMTkzZTBlMDAwMGMxMDlmN2NkMzIiLCJ1c2VybmFtZSI6InRlcnJhZm9ybV9naXRodWJfY2kiLCJwZXJtaXNzaW9ucyI6WyJ2aWV3LXNpdGVzIiwidmlldy10ZW5hbnRzIiwidmlldy1zY2hlbWFzIiwidmlldy10ZW5hbnQtc2NoZW1hcyIsInZpZXctdXNlcnMiLCJ2aWV3LXJvbGVzIiwidmlldy1hbGwtYXVkaXQtcmVjb3JkcyIsInZpZXctYmFja3VwIiwidmlldy1sYWJlbHMiLCJtYW5hZ2Utc3lzdGVtIiwibWFuYWdlLXNpdGVzIiwibWFuYWdlLXRlbmFudHMiLCJtYW5hZ2UtbGFiZWxzIiwibWFuYWdlLXNjaGVtYXMiLCJtYW5hZ2UtdGVuYW50LXNjaGVtYXMiLCJtYW5hZ2UtdXNlcnMiLCJtYW5hZ2Utcm9sZXMiLCJtYW5hZ2UtYXVkaXQtcmVjb3JkcyIsIm1hbmFnZS1iYWNrdXAiLCJtYW5hZ2UtbGFiZWxzIiwibWFuYWdlLXN5c3RlbSJdfQ.BZSvmobNQsBDhqFnvP53kOIvmpvZ6-mo9rRirnelFaM","permissions":["view-sites","view-tenants","view-schemas","view-tenant-schemas","view-users","view-roles","view-all-audit-records","view-backup","view-labels","manage-system","manage-sites","manage-tenants","manage-labels","manage-schemas","manage-tenant-schemas","manage-users","manage-roles","manage-audit-records","manage-backup","manage-labels","manage-system"]}
2020-07-14T12:09:35.050+0530 [DEBUG] plugin.terraform-provider-mso: 2020/07/14 12:09:35 [DEBUG] Exit from do method
2020-07-14T12:09:35.050+0530 [DEBUG] plugin.terraform-provider-mso: 2020/07/14 12:09:35 HTTP request after injection GET api/v1/schemas/5f06a4c40f0000b63dbbd647
2020-07-14T12:09:35.050+0530 [DEBUG] plugin.terraform-provider-mso: 2020/07/14 12:09:35 [DEBUG] Begining DO method https://173.36.219.66/api/v1/schemas/5f06a4c40f0000b63dbbd647
2020-07-14T12:09:35.407+0530 [DEBUG] plugin.terraform-provider-mso: 2020/07/14 12:09:35 
2020-07-14T12:09:35.407+0530 [DEBUG] plugin.terraform-provider-mso: HTTP Request: GET https://173.36.219.66/api/v1/schemas/5f06a4c40f0000b63dbbd647
2020-07-14T12:09:35.407+0530 [DEBUG] plugin.terraform-provider-mso: 2020/07/14 12:09:35 nHTTP Response: 200 200 OK &{200 OK 200 HTTP/1.1 1 1 map[Cache-Control:[no-cache] Content-Language:[en] Content-Length:[3448] Content-Type:[application/json] Date:[Tue, 14 Jul 2020 06:39:35 GMT] Expires:[Thu, 01 Jan 1970 00:00:01 GMT] Server:[nginx] Strict-Transport-Security:[max-age=31536000; includeSubDomains] X-Frame-Options:[SAMEORIGIN] X-Ratelimit-Limit:[0] X-Ratelimit-Remaining:[0] X-Ratelimit-Reset:[0]] 0xc000142f00 3448 [] false false map[] 0xc0001d4100 0xc0000b7600}
2020-07-14T12:09:35.407+0530 [DEBUG] plugin.terraform-provider-mso: 2020/07/14 12:09:35 
2020-07-14T12:09:35.407+0530 [DEBUG] plugin.terraform-provider-mso:  HTTP response unique string GET https://173.36.219.66/api/v1/schemas/5f06a4c40f0000b63dbbd647 {"id":"5f06a4c40f0000b63dbbd647","displayName":"shschema","templates":[{"name":"Template1","displayName":"Template 1","tenantId":"5efd6e860f0000590ebbd642","anps":[],"vrfs":[],"bds":[],"contracts":[],"filters":[],"externalEpgs":[],"serviceGraphs":[{"name":"UntitledServiceGraph3","displayName":"sg3","serviceGraphRef":"/schemas/5f06a4c40f0000b63dbbd647/templates/Template1/serviceGraphs/UntitledServiceGraph3","description":"","serviceNodes":[{"name":"node1","serviceNodeRef":"/schemas/5f06a4c40f0000b63dbbd647/templates/Template1/serviceGraphs/UntitledServiceGraph3/serviceNodes/node1","serviceNodeTypeId":"0000ffff0000000000000051","index":1},{"name":"node2","serviceNodeRef":"/schemas/5f06a4c40f0000b63dbbd647/templates/Template1/serviceGraphs/UntitledServiceGraph3/serviceNodes/node2","serviceNodeTypeId":"0000ffff0000000000000052","index":2},{"name":"node3","serviceNodeRef":"/schemas/5f06a4c40f0000b63dbbd647/templates/Template1/serviceGraphs/UntitledServiceGraph3/serviceNodes/node3","serviceNodeTypeId":"0000ffff0000000000000053","index":3}]},{"name":"UntitledServiceGraph4","displayName":"sg4","serviceGraphRef":"/schemas/5f06a4c40f0000b63dbbd647/templates/Template1/serviceGraphs/UntitledServiceGraph4","description":"","serviceNodes":[{"name":"node1","serviceNodeRef":"/schemas/5f06a4c40f0000b63dbbd647/templates/Template1/serviceGraphs/UntitledServiceGraph4/serviceNodes/node1","serviceNodeTypeId":"5f0314b80f0000892abbd645","index":1}]},{"name":"sgtf","displayName":"sgtf","serviceGraphRef":"/schemas/5f06a4c40f0000b63dbbd647/templates/Template1/serviceGraphs/sgtf","description":"hello","serviceNodes":[{"name":"tfnode1","serviceNodeRef":"/schemas/5f06a4c40f0000b63dbbd647/templates/Template1/serviceGraphs/sgtf/serviceNodes/tfnode1","serviceNodeTypeId":"0000ffff0000000000000051","index":1}]}],"intersiteL3outs":[],"templateType":"stretched-template","templateSubType":[]}],"_updateVersion":74,"sites":[{"siteId":"5f05c69f1900002234d0537e","templateName":"Template1","anps":[],"vrfs":[],"bds":[],"contracts":[],"externalEpgs":[],"serviceGraphs":[{"serviceGraphRef":"/schemas/5f06a4c40f0000b63dbbd647/templates/Template1/serviceGraphs/UntitledServiceGraph3","serviceNodes":[{"serviceNodeRef":"/schemas/5f06a4c40f0000b63dbbd647/templates/Template1/serviceGraphs/UntitledServiceGraph3/serviceNodes/node1","device":{"dn":"uni/tn-NkAutomation/lDevVip-nk-fw-1","funcType":"GoTo"}},{"serviceNodeRef":"/schemas/5f06a4c40f0000b63dbbd647/templates/Template1/serviceGraphs/UntitledServiceGraph3/serviceNodes/node2","device":{"dn":"uni/tn-NkAutomation/lDevVip-nk-loadbalancer-2","funcType":"GoTo"}},{"serviceNodeRef":"/schemas/5f06a4c40f0000b63dbbd647/templates/Template1/serviceGraphs/UntitledServiceGraph3/serviceNodes/node3","device":{"dn":"uni/tn-NkAutomation/lDevVip-nk-other-1","funcType":"GoTo"}}]},{"serviceGraphRef":"/schemas/5f06a4c40f0000b63dbbd647/templates/Template1/serviceGraphs/UntitledServiceGraph4","serviceNodes":[{"serviceNodeRef":"/schemas/5f06a4c40f0000b63dbbd647/templates/Template1/serviceGraphs/UntitledServiceGraph4/serviceNodes/node1","device":{"dn":"uni/tn-NkAutomation/lDevVip-nk-other-1","funcType":"GoTo"}}]},{"serviceGraphRef":"/schemas/5f06a4c40f0000b63dbbd647/templates/Template1/serviceGraphs/sgtf","serviceNodes":[{"serviceNodeRef":"/schemas/5f06a4c40f0000b63dbbd647/templates/Template1/serviceGraphs/sgtf/serviceNodes/tfnode1","device":{"dn":"uni/tn-NkAutomation/lDevVip-nk-fw-2"}}]}],"intersiteL3outs":[]}]}
2020-07-14T12:09:35.407+0530 [DEBUG] plugin.terraform-provider-mso: 2020/07/14 12:09:35 
2020-07-14T12:09:35.407+0530 [DEBUG] plugin.terraform-provider-mso: HTTP Request: GET https://173.36.219.66/api/v1/schemas/5f06a4c40f0000b63dbbd647
2020-07-14T12:09:35.407+0530 [DEBUG] plugin.terraform-provider-mso: 2020/07/14 12:09:35 nHTTP Response: 200 200 OK &{200 OK 200 HTTP/1.1 1 1 map[Cache-Control:[no-cache] Content-Language:[en] Content-Length:[3448] Content-Type:[application/json] Date:[Tue, 14 Jul 2020 06:39:35 GMT] Expires:[Thu, 01 Jan 1970 00:00:01 GMT] Server:[nginx] Strict-Transport-Security:[max-age=31536000; includeSubDomains] X-Frame-Options:[SAMEORIGIN] X-Ratelimit-Limit:[0] X-Ratelimit-Remaining:[0] X-Ratelimit-Reset:[0]] 0xc000150940 3448 [] false false map[] 0xc000210300 0xc0003f8a50}
2020-07-14T12:09:35.407+0530 [DEBUG] plugin.terraform-provider-mso: 2020/07/14 12:09:35 
2020-07-14T12:09:35.407+0530 [DEBUG] plugin.terraform-provider-mso:  HTTP response unique string GET https://173.36.219.66/api/v1/schemas/5f06a4c40f0000b63dbbd647 {"id":"5f06a4c40f0000b63dbbd647","displayName":"shschema","templates":[{"name":"Template1","displayName":"Template 1","tenantId":"5efd6e860f0000590ebbd642","anps":[],"vrfs":[],"bds":[],"contracts":[],"filters":[],"externalEpgs":[],"serviceGraphs":[{"name":"UntitledServiceGraph3","displayName":"sg3","serviceGraphRef":"/schemas/5f06a4c40f0000b63dbbd647/templates/Template1/serviceGraphs/UntitledServiceGraph3","description":"","serviceNodes":[{"name":"node1","serviceNodeRef":"/schemas/5f06a4c40f0000b63dbbd647/templates/Template1/serviceGraphs/UntitledServiceGraph3/serviceNodes/node1","serviceNodeTypeId":"0000ffff0000000000000051","index":1},{"name":"node2","serviceNodeRef":"/schemas/5f06a4c40f0000b63dbbd647/templates/Template1/serviceGraphs/UntitledServiceGraph3/serviceNodes/node2","serviceNodeTypeId":"0000ffff0000000000000052","index":2},{"name":"node3","serviceNodeRef":"/schemas/5f06a4c40f0000b63dbbd647/templates/Template1/serviceGraphs/UntitledServiceGraph3/serviceNodes/node3","serviceNodeTypeId":"0000ffff0000000000000053","index":3}]},{"name":"UntitledServiceGraph4","displayName":"sg4","serviceGraphRef":"/schemas/5f06a4c40f0000b63dbbd647/templates/Template1/serviceGraphs/UntitledServiceGraph4","description":"","serviceNodes":[{"name":"node1","serviceNodeRef":"/schemas/5f06a4c40f0000b63dbbd647/templates/Template1/serviceGraphs/UntitledServiceGraph4/serviceNodes/node1","serviceNodeTypeId":"5f0314b80f0000892abbd645","index":1}]},{"name":"sgtf","displayName":"sgtf","serviceGraphRef":"/schemas/5f06a4c40f0000b63dbbd647/templates/Template1/serviceGraphs/sgtf","description":"hello","serviceNodes":[{"name":"tfnode1","serviceNodeRef":"/schemas/5f06a4c40f0000b63dbbd647/templates/Template1/serviceGraphs/sgtf/serviceNodes/tfnode1","serviceNodeTypeId":"0000ffff0000000000000051","index":1}]}],"intersiteL3outs":[],"templateType":"stretched-template","templateSubType":[]}],"_updateVersion":74,"sites":[{"siteId":"5f05c69f1900002234d0537e","templateName":"Template1","anps":[],"vrfs":[],"bds":[],"contracts":[],"externalEpgs":[],"serviceGraphs":[{"serviceGraphRef":"/schemas/5f06a4c40f0000b63dbbd647/templates/Template1/serviceGraphs/UntitledServiceGraph3","serviceNodes":[{"serviceNodeRef":"/schemas/5f06a4c40f0000b63dbbd647/templates/Template1/serviceGraphs/UntitledServiceGraph3/serviceNodes/node1","device":{"dn":"uni/tn-NkAutomation/lDevVip-nk-fw-1","funcType":"GoTo"}},{"serviceNodeRef":"/schemas/5f06a4c40f0000b63dbbd647/templates/Template1/serviceGraphs/UntitledServiceGraph3/serviceNodes/node2","device":{"dn":"uni/tn-NkAutomation/lDevVip-nk-loadbalancer-2","funcType":"GoTo"}},{"serviceNodeRef":"/schemas/5f06a4c40f0000b63dbbd647/templates/Template1/serviceGraphs/UntitledServiceGraph3/serviceNodes/node3","device":{"dn":"uni/tn-NkAutomation/lDevVip-nk-other-1","funcType":"GoTo"}}]},{"serviceGraphRef":"/schemas/5f06a4c40f0000b63dbbd647/templates/Template1/serviceGraphs/UntitledServiceGraph4","serviceNodes":[{"serviceNodeRef":"/schemas/5f06a4c40f0000b63dbbd647/templates/Template1/serviceGraphs/UntitledServiceGraph4/serviceNodes/node1","device":{"dn":"uni/tn-NkAutomation/lDevVip-nk-other-1","funcType":"GoTo"}}]},{"serviceGraphRef":"/schemas/5f06a4c40f0000b63dbbd647/templates/Template1/serviceGraphs/sgtf","serviceNodes":[{"serviceNodeRef":"/schemas/5f06a4c40f0000b63dbbd647/templates/Template1/serviceGraphs/sgtf/serviceNodes/tfnode1","device":{"dn":"uni/tn-NkAutomation/lDevVip-nk-fw-2"}}]}],"intersiteL3outs":[]}]}
2020-07-14T12:09:35.407+0530 [DEBUG] plugin.terraform-provider-mso: 2020/07/14 12:09:35 [DEBUG] Exit from do method
2020-07-14T12:09:35.407+0530 [DEBUG] plugin.terraform-provider-mso: 2020/07/14 12:09:35 [DEBUG] Exit from do method
2020-07-14T12:09:35.407+0530 [DEBUG] plugin.terraform-provider-mso: 2020/07/14 12:09:35 [DEBUG] Template found
2020-07-14T12:09:35.407+0530 [DEBUG] plugin.terraform-provider-mso: 2020/07/14 12:09:35 [DEBUG] Template found
2020-07-14T12:09:35.412+0530 [DEBUG] plugin.terraform-provider-mso: panic: interface conversion: interface {} is float64, not int
2020-07-14T12:09:35.412+0530 [DEBUG] plugin.terraform-provider-mso: 
2020-07-14T12:09:35.412+0530 [DEBUG] plugin.terraform-provider-mso: goroutine 25 [running]:
2020-07-14T12:09:35.412+0530 [DEBUG] plugin.terraform-provider-mso: github.com/terraform-providers/terraform-provider-mso/mso.getTemplateServiceNodeContFromIndex(0xc0002596c0, 0x1, 0xa, 0x1b54180, 0xc00020bb70, 0x1)
2020-07-14T12:09:35.412+0530 [DEBUG] plugin.terraform-provider-mso: 	/Users/nirav.katarmal/go/src/github.com/terraform-providers/terraform-provider-mso/mso/datasource_mso_schema_template_service_graph.go:210 +0x2f1
2020-07-14T12:09:35.412+0530 [DEBUG] plugin.terraform-provider-mso: github.com/terraform-providers/terraform-provider-mso/mso.dataSourceMSOSchemaTemplateServiceGrapRead(0xc0001e02a0, 0x1cb3560, 0xc0001d2240, 0xc0001e02a0, 0x0)
2020-07-14T12:09:35.412+0530 [DEBUG] plugin.terraform-provider-mso: 	/Users/nirav.katarmal/go/src/github.com/terraform-providers/terraform-provider-mso/mso/datasource_mso_schema_template_service_graph.go:119 +0x543
2020-07-14T12:09:35.412+0530 [DEBUG] plugin.terraform-provider-mso: github.com/hashicorp/terraform-plugin-sdk/helper/schema.(*Resource).ReadDataApply(0xc00055c2d0, 0xc00013ea80, 0x1cb3560, 0xc0001d2240, 0xc000120a18, 0x1, 0x0)
2020-07-14T12:09:35.412+0530 [DEBUG] plugin.terraform-provider-mso: 	/Users/nirav.katarmal/go/pkg/mod/github.com/hashicorp/terraform-plugin-sdk@v1.14.0/helper/schema/resource.go:403 +0x88
2020-07-14T12:09:35.412+0530 [DEBUG] plugin.terraform-provider-mso: github.com/hashicorp/terraform-plugin-sdk/helper/schema.(*Provider).ReadDataApply(0xc000148100, 0xc000231a88, 0xc00013ea80, 0xc00013ea80, 0x0, 0x0)
2020-07-14T12:09:35.412+0530 [DEBUG] plugin.terraform-provider-mso: 	/Users/nirav.katarmal/go/pkg/mod/github.com/hashicorp/terraform-plugin-sdk@v1.14.0/helper/schema/provider.go:451 +0x8f
2020-07-14T12:09:35.412+0530 [DEBUG] plugin.terraform-provider-mso: github.com/hashicorp/terraform-plugin-sdk/internal/helper/plugin.(*GRPCProviderServer).ReadDataSource(0xc00013c068, 0x1f88940, 0xc0001c69f0, 0xc0001cc7c0, 0xc00013c068, 0xc0001c69f0, 0xc00001bb30)
2020-07-14T12:09:35.412+0530 [DEBUG] plugin.terraform-provider-mso: 	/Users/nirav.katarmal/go/pkg/mod/github.com/hashicorp/terraform-plugin-sdk@v1.14.0/internal/helper/plugin/grpc_provider.go:1036 +0x44e
2020-07-14T12:09:35.413+0530 [DEBUG] plugin.terraform-provider-mso: github.com/hashicorp/terraform-plugin-sdk/internal/tfplugin5._Provider_ReadDataSource_Handler(0x1cdc760, 0xc00013c068, 0x1f88940, 0xc0001c69f0, 0xc0001d22a0, 0x0, 0x1f88940, 0xc0001c69f0, 0xc00025e000, 0xac)
2020-07-14T12:09:35.413+0530 [DEBUG] plugin.terraform-provider-mso: 	/Users/nirav.katarmal/go/pkg/mod/github.com/hashicorp/terraform-plugin-sdk@v1.14.0/internal/tfplugin5/tfplugin5.pb.go:3341 +0x217
2020-07-14T12:09:35.413+0530 [DEBUG] plugin.terraform-provider-mso: google.golang.org/grpc.(*Server).processUnaryRPC(0xc0001f4d80, 0x1f95120, 0xc0005d4480, 0xc000210500, 0xc0000a3c80, 0x26f3ef0, 0x0, 0x0, 0x0)
2020-07-14T12:09:35.413+0530 [DEBUG] plugin.terraform-provider-mso: 	/Users/nirav.katarmal/go/pkg/mod/google.golang.org/grpc@v1.27.1/server.go:1024 +0x4f4
2020-07-14T12:09:35.413+0530 [DEBUG] plugin.terraform-provider-mso: google.golang.org/grpc.(*Server).handleStream(0xc0001f4d80, 0x1f95120, 0xc0005d4480, 0xc000210500, 0x0)
2020-07-14T12:09:35.413+0530 [DEBUG] plugin.terraform-provider-mso: 	/Users/nirav.katarmal/go/pkg/mod/google.golang.org/grpc@v1.27.1/server.go:1313 +0xd97
2020-07-14T12:09:35.413+0530 [DEBUG] plugin.terraform-provider-mso: google.golang.org/grpc.(*Server).serveStreams.func1.1(0xc000152020, 0xc0001f4d80, 0x1f95120, 0xc0005d4480, 0xc000210500)
2020-07-14T12:09:35.413+0530 [DEBUG] plugin.terraform-provider-mso: 	/Users/nirav.katarmal/go/pkg/mod/google.golang.org/grpc@v1.27.1/server.go:722 +0xbb
2020-07-14T12:09:35.413+0530 [DEBUG] plugin.terraform-provider-mso: created by google.golang.org/grpc.(*Server).serveStreams.func1
2020-07-14T12:09:35.413+0530 [DEBUG] plugin.terraform-provider-mso: 	/Users/nirav.katarmal/go/pkg/mod/google.golang.org/grpc@v1.27.1/server.go:720 +0xa1
2020-07-14T12:09:35.416+0530 [DEBUG] plugin: plugin process exited: path=/Users/nirav.katarmal/go/bin/terraform-provider-mso pid=27382 error="exit status 2"
2020/07/14 12:09:35 [ERROR] <root>: eval: *terraform.EvalRefresh, err: rpc error: code = Unavailable desc = transport is closing
2020/07/14 12:09:35 [ERROR] <root>: eval: *terraform.EvalSequence, err: rpc error: code = Unavailable desc = transport is closing
2020/07/14 12:09:35 [TRACE] [walkRefresh] Exiting eval tree: mso_schema_template_service_graph.test_sg
2020/07/14 12:09:35 [TRACE] vertex "mso_schema_template_service_graph.test_sg": visit complete
2020/07/14 12:09:35 [TRACE] vertex "mso_schema_template_service_graph.test_sg": dynamic subgraph encountered errors
2020/07/14 12:09:35 [TRACE] vertex "mso_schema_template_service_graph.test_sg": visit complete
2020/07/14 12:09:35 [ERROR] <root>: eval: *terraform.EvalReadData, err: rpc error: code = Unavailable desc = transport is closing
2020/07/14 12:09:35 [ERROR] <root>: eval: *terraform.EvalSequence, err: rpc error: code = Unavailable desc = transport is closing
2020/07/14 12:09:35 [TRACE] [walkRefresh] Exiting eval tree: data.mso_schema_template_service_graph.test_sg
2020/07/14 12:09:35 [TRACE] vertex "data.mso_schema_template_service_graph.test_sg": visit complete
2020/07/14 12:09:35 [TRACE] vertex "data.mso_schema_template_service_graph.test_sg": dynamic subgraph encountered errors
2020/07/14 12:09:35 [TRACE] vertex "data.mso_schema_template_service_graph.test_sg": visit complete
2020/07/14 12:09:35 [TRACE] dag/walk: upstream of "provider.mso (close)" errored, so skipping
2020/07/14 12:09:35 [TRACE] statemgr.Filesystem: removing lock metadata file .terraform.tfstate.lock.info
2020/07/14 12:09:35 [TRACE] statemgr.Filesystem: unlocking terraform.tfstate using fcntl flock
2020-07-14T12:09:35.420+0530 [DEBUG] plugin: plugin exited
